<?xml version="1.0" encoding="UTF-8"?>
<!-- Generated by org.testng.reporters.JUnitReportReporter -->
<testsuite hostname="PC-f7ad11" failures="0" tests="3" name="Task.Customer" time="0.013" errors="0" timestamp="2022-09-15T21:23:09 IST" skipped="0">
  <testcase classname="Task.Customer" name="createcustomer" time="0.009"/>
  <system-out/>
  <testcase classname="Task.Customer" name="createcustomer" time="0.002"/>
  <system-out/>
  <testcase classname="Task.Customer" name="createcustomer" time="0.002"/>
  <system-out/>
</testsuite> <!-- Task.Customer -->
