<?xml version="1.0" encoding="UTF-8"?>
<!-- Generated by org.testng.reporters.JUnitReportReporter -->
<testsuite hostname="PC-f7ad11" failures="0" tests="22" name="Task.Customer" time="123.341" errors="0" timestamp="2022-09-16T21:22:34 IST" skipped="0">
  <testcase classname="Task.Customer" name="createcustomer" time="5.249"/>
  <system-out/>
  <testcase classname="Task.Customer" name="createcustomer" time="4.534"/>
  <system-out/>
  <testcase classname="Task.Customer" name="createcustomer" time="5.028"/>
  <system-out/>
  <testcase classname="Task.Customer" name="createcustomer" time="7.984"/>
  <system-out/>
  <testcase classname="Task.Customer" name="createcustomer" time="5.380"/>
  <system-out/>
  <testcase classname="Task.Customer" name="createcustomer" time="5.053"/>
  <system-out/>
  <testcase classname="Task.Customer" name="createcustomer" time="6.431"/>
  <system-out/>
  <testcase classname="Task.Customer" name="createcustomer" time="5.345"/>
  <system-out/>
  <testcase classname="Task.Customer" name="createcustomer" time="5.411"/>
  <system-out/>
  <testcase classname="Task.Customer" name="createcustomer" time="6.275"/>
  <system-out/>
  <testcase classname="Task.Customer" name="createcustomer" time="5.303"/>
  <system-out/>
  <testcase classname="Task.Customer" name="deletecustomer" time="5.412"/>
  <system-out/>
  <testcase classname="Task.Customer" name="deletecustomer" time="5.427"/>
  <system-out/>
  <testcase classname="Task.Customer" name="deletecustomer" time="6.540"/>
  <system-out/>
  <testcase classname="Task.Customer" name="deletecustomer" time="5.372"/>
  <system-out/>
  <testcase classname="Task.Customer" name="deletecustomer" time="5.231"/>
  <system-out/>
  <testcase classname="Task.Customer" name="deletecustomer" time="5.336"/>
  <system-out/>
  <testcase classname="Task.Customer" name="deletecustomer" time="5.458"/>
  <system-out/>
  <testcase classname="Task.Customer" name="deletecustomer" time="8.027"/>
  <system-out/>
  <testcase classname="Task.Customer" name="deletecustomer" time="4.440"/>
  <system-out/>
  <testcase classname="Task.Customer" name="deletecustomer" time="5.381"/>
  <system-out/>
  <testcase classname="Task.Customer" name="deletecustomer" time="4.724"/>
  <system-out/>
</testsuite> <!-- Task.Customer -->
