<?xml version="1.0" encoding="UTF-8"?>
<!-- Generated by org.testng.reporters.JUnitReportReporter -->
<testsuite hostname="PC-f7ad11" failures="0" tests="1" name="Task.Customer" time="6.607" errors="0" timestamp="2022-09-06T15:16:05 IST" skipped="0">
  <testcase classname="Task.Customer" name="createcustomer" time="6.607"/>
  <system-out/>
</testsuite> <!-- Task.Customer -->
