<?xml version="1.0" encoding="UTF-8"?>
<!-- Generated by org.testng.reporters.JUnitReportReporter -->
<testsuite hostname="PC-f7ad11" failures="0" tests="5" name="Task.Customer" time="24.568" errors="0" timestamp="2022-09-27T13:21:16 IST" skipped="1">
  <testcase classname="Task.Customer" name="createcustomer" time="5.733"/>
  <system-out/>
  <testcase classname="Task.Customer" name="createcustomer" time="5.848"/>
  <system-out/>
  <testcase classname="Task.Customer" name="createcustomer" time="7.073"/>
  <system-out/>
  <testcase classname="Task.Customer" name="createcustomer" time="5.914"/>
  <system-out/>
  <testcase classname="Task.Customer" name="deletecustomer">
    <skipped/>
  </testcase> <!-- deletecustomer -->
  <system-out/>
</testsuite> <!-- Task.Customer -->
