<?xml version="1.0" encoding="UTF-8"?>
<!-- Generated by org.testng.reporters.JUnitReportReporter -->
<testsuite hostname="PC-f7ad11" failures="0" tests="1" name="user.User" time="0.002" errors="0" timestamp="2022-09-06T14:11:16 IST" skipped="0">
  <testcase classname="user.User" name="createuser" time="0.002"/>
  <system-out/>
</testsuite> <!-- user.User -->
